######################BEGIN######################
Exporting UV texture coordinates for Cylinder1_Cylinder1_auv
Exporting Cylinder1_Cylinder1_auv
Header Information
Ident: IDP3
Version: 15
Name: 
Flags: 0
Number of Frames: 250
Number of Tags: 0
Number of Surfaces: 1
Number of Skins: 0
Offset Frames: 108
Offset Tags: 14108
Offset Surfaces: 14108
Offset end: 119228
Total Shaders: 1
Total Triangles: 44
Total Vertices: 52
MD3 saved to C:\Users\DesertPhoenix\Desktop\TempProjectFiles\M3d\Barrel
Elapsed 0.2879 seconds
